{
  "Cucumber Features": {
    "coverage": {
      "/home/saasbook/Desktop/CS169-AMASS/app/models/user.rb": [
        1,
        null,
        null,
        1,
        null,
        null,
        null,
        null,
        1,
        null,
        null,
        1,
        1,
        null,
        1,
        null,
        1,
        0,
        null,
        null,
        1,
        0,
        null,
        null
      ],
      "/home/saasbook/Desktop/CS169-AMASS/app/controllers/application_controller.rb": [
        1,
        1,
        null
      ],
      "/home/saasbook/Desktop/CS169-AMASS/app/helpers/application_helper.rb": [
        1,
        null
      ],
      "/home/saasbook/Desktop/CS169-AMASS/app/helpers/film_makers_helper.rb": [
        1,
        1,
        0,
        null,
        null,
        1,
        0,
        null,
        null,
        null,
        null
      ],
      "/home/saasbook/Desktop/CS169-AMASS/app/helpers/projects_helper.rb": [
        1,
        1,
        24,
        null,
        null,
        1,
        0,
        null,
        null,
        1,
        3,
        3,
        null,
        0,
        0,
        null,
        null,
        null
      ],
      "/home/saasbook/Desktop/CS169-AMASS/app/helpers/welcome_helper.rb": [
        1,
        null
      ],
      "/home/saasbook/Desktop/CS169-AMASS/app/controllers/filmmakers_controller.rb": [
        1,
        1,
        1,
        0,
        null,
        0,
        0,
        null,
        0,
        0,
        null,
        0,
        null,
        0,
        null,
        null,
        0,
        0,
        0,
        null,
        null,
        null,
        1,
        0,
        null,
        0,
        0,
        0,
        null,
        null,
        null,
        1,
        0,
        0,
        0,
        0,
        null,
        0,
        0,
        null,
        0,
        null,
        null,
        1,
        0,
        0,
        0,
        0,
        0,
        null,
        null
      ],
      "/home/saasbook/Desktop/CS169-AMASS/app/models/filmmaker.rb": [
        1,
        1,
        1,
        null,
        1,
        0,
        null,
        null,
        1,
        0,
        null,
        null
      ],
      "/home/saasbook/Desktop/CS169-AMASS/app/controllers/nonprofits_controller.rb": [
        1,
        1,
        0,
        null,
        null,
        null,
        1,
        0,
        null,
        null,
        1,
        0,
        0,
        0,
        0,
        null,
        null
      ],
      "/home/saasbook/Desktop/CS169-AMASS/app/models/nonprofit.rb": [
        1,
        1,
        1,
        null
      ],
      "/home/saasbook/Desktop/CS169-AMASS/app/controllers/projects_controller.rb": [
        1,
        1,
        1,
        1,
        null,
        null,
        1,
        4,
        null,
        4,
        4,
        null,
        4,
        0,
        null,
        0,
        null,
        0,
        null,
        null,
        4,
        4,
        4,
        null,
        null,
        null,
        1,
        0,
        0,
        null,
        0,
        null,
        null,
        null,
        1,
        0,
        0,
        null,
        0,
        null,
        null,
        null,
        1,
        0,
        0,
        null,
        0,
        null,
        null,
        null,
        null,
        null,
        1,
        3,
        3,
        3,
        3,
        3,
        null,
        null,
        null,
        1,
        0,
        0,
        null,
        0,
        0,
        0,
        null,
        0,
        0,
        null,
        null,
        null,
        1,
        0,
        0,
        0,
        0,
        0,
        0,
        null,
        0,
        0,
        null,
        null,
        null,
        null,
        1,
        0,
        0,
        0,
        null,
        0,
        0,
        null,
        0,
        null,
        null,
        null,
        null,
        1,
        0,
        null,
        null,
        null,
        null,
        1,
        0,
        0,
        0,
        0,
        0,
        0,
        0,
        0,
        null,
        0,
        0,
        null,
        null,
        null,
        null,
        null,
        null,
        null,
        null,
        null,
        null,
        null,
        null,
        null,
        null,
        null,
        null,
        null,
        null,
        null,
        null,
        null,
        null,
        null,
        null,
        null,
        null,
        null,
        null,
        null,
        null,
        null,
        null,
        null,
        null
      ],
      "/home/saasbook/Desktop/CS169-AMASS/app/models/project.rb": [
        1,
        1,
        1,
        null,
        1,
        1,
        1,
        null
      ],
      "/home/saasbook/Desktop/CS169-AMASS/app/controllers/users/registrations_controller.rb": [
        1,
        1,
        null,
        1,
        0,
        0,
        0,
        null,
        0,
        0,
        null,
        0,
        null,
        null
      ],
      "/home/saasbook/Desktop/CS169-AMASS/app/controllers/welcome_controller.rb": [
        1,
        1,
        null,
        null
      ]
    },
    "timestamp": 1385345874
  },
  "RSpec": {
    "coverage": {
      "/home/akhoa/CS169-AMASS/app/models/user.rb": [
        1,
        null,
        null,
        1,
        null,
        null,
        null,
        null,
        1,
        null,
        null,
        1,
        1,
        null,
        1,
        null,
        1,
        22,
        null,
        null,
        1,
        16,
        null,
        null
      ],
      "/home/akhoa/CS169-AMASS/app/controllers/application_controller.rb": [
        1,
        1,
        null
      ],
      "/home/akhoa/CS169-AMASS/app/helpers/application_helper.rb": [
        1,
        null
      ],
      "/home/akhoa/CS169-AMASS/app/helpers/projects_helper.rb": [
        1,
        1,
        0,
        null,
        null,
        null,
        null
      ],
      "/home/akhoa/CS169-AMASS/app/helpers/welcome_helper.rb": [
        1,
        null
      ],
      "/home/akhoa/CS169-AMASS/app/controllers/filmmakers_controller.rb": [
        1,
        1,
        0,
        null,
        null,
        1,
        0,
        null,
        null,
        1,
        0,
        0,
        0,
        0,
        null,
        null
      ],
      "/home/akhoa/CS169-AMASS/app/models/filmmaker.rb": [
        1,
        1,
        1,
        null
      ],
      "/home/akhoa/CS169-AMASS/app/controllers/nonprofits_controller.rb": [
        1,
        1,
        0,
        null,
        null,
        null,
        1,
        0,
        null,
        null,
        1,
        0,
        0,
        0,
        0,
        null,
        null
      ],
      "/home/akhoa/CS169-AMASS/app/models/nonprofit.rb": [
        1,
        1,
        null
      ],
      "/home/akhoa/CS169-AMASS/app/controllers/projects_controller.rb": [
        1,
        1,
        null,
        null,
        1,
        1,
        null,
        1,
        1,
        null,
        1,
        0,
        null,
        0,
        null,
        0,
        null,
        null,
        1,
        1,
        1,
        null,
        null,
        null,
        1,
        0,
        0,
        null,
        0,
        null,
        null,
        null,
        1,
        0,
        0,
        null,
        0,
        null,
        null,
        null,
        1,
        0,
        0,
        null,
        0,
        null,
        null,
        null,
        null,
        null,
        1,
        1,
        1,
        1,
        1,
        1,
        null,
        null,
        null,
        null,
        null,
        null,
        null,
        null,
        null,
        null,
        null,
        null,
        null,
        null,
        null,
        null,
        null,
        null,
        null,
        null,
        null,
        null,
        null,
        null,
        null,
        null,
        null,
        null,
        null,
        null,
        null,
        null,
        null,
        null,
        null,
        null,
        null,
        null,
        null,
        null,
        null,
        null,
        null,
        null,
        null,
        null,
        null,
        null,
        null,
        null,
        null,
        null,
        null,
        null,
        null,
        null,
        null,
        null,
        null,
        null,
        null,
        null,
        null,
        null
      ],
      "/home/akhoa/CS169-AMASS/app/models/project.rb": [
        1,
        1,
        1,
        null
      ],
      "/home/akhoa/CS169-AMASS/app/controllers/users/registrations_controller.rb": [
        1,
        1,
        null,
        1,
        6,
        6,
        6,
        null,
        0,
        0,
        null,
        6,
        null,
        null
      ],
      "/home/akhoa/CS169-AMASS/app/controllers/welcome_controller.rb": [
        1,
        1,
        null,
        null
      ]
    },
    "timestamp": 1384153517
  }
}
