{
  "Cucumber Features": {
    "coverage": {
      "/home/saasbook/CS169-AMASS/app/models/user.rb": [
        1,
        null,
        null,
        1,
        null,
        null,
        null,
        null,
        1,
        null,
        null,
        1,
        1,
        null,
        1,
        null,
        1,
        59,
        null,
        null,
        1,
        88,
        null,
        null
      ],
      "/home/saasbook/CS169-AMASS/app/controllers/application_controller.rb": [
        1,
        1,
        null
      ],
      "/home/saasbook/CS169-AMASS/app/helpers/application_helper.rb": [
        1,
        null
      ],
      "/home/saasbook/CS169-AMASS/app/helpers/film_makers_helper.rb": [
        1,
        1,
        0,
        null,
        null,
        1,
        4,
        null,
        null,
        null,
        null
      ],
      "/home/saasbook/CS169-AMASS/app/helpers/projects_helper.rb": [
        1,
        1,
        113,
        null,
        null,
        1,
        10,
        null,
        null,
        1,
        5,
        5,
        null,
        null,
        null
      ],
      "/home/saasbook/CS169-AMASS/app/helpers/welcome_helper.rb": [
        1,
        null
      ],
      "/home/saasbook/CS169-AMASS/app/controllers/filmmakers_controller.rb": [
        1,
        1,
        1,
        9,
        null,
        9,
        9,
        null,
        9,
        0,
        null,
        10,
        null,
        10,
        null,
        null,
        9,
        9,
        9,
        null,
        null,
        null,
        1,
        4,
        null,
        4,
        4,
        4,
        null,
        null,
        null,
        1,
        2,
        2,
        2,
        2,
        null,
        0,
        0,
        null,
        2,
        null,
        null,
        1,
        0,
        0,
        0,
        0,
        0,
        null,
        null
      ],
      "/home/saasbook/CS169-AMASS/app/models/filmmaker.rb": [
        1,
        1,
        1,
        null,
        1,
        0,
        null,
        null,
        1,
        0,
        null,
        null
      ],
      "/home/saasbook/CS169-AMASS/app/controllers/nonprofits_controller.rb": [
        1,
        1,
        4,
        null,
        null,
        null,
        1,
        1,
        null,
        null,
        1,
        0,
        0,
        0,
        0,
        null,
        null
      ],
      "/home/saasbook/CS169-AMASS/app/models/nonprofit.rb": [
        1,
        1,
        1,
        null
      ],
      "/home/saasbook/CS169-AMASS/app/controllers/projects_controller.rb": [
        1,
        1,
        1,
        1,
        null,
        null,
        1,
        24,
        null,
        24,
        24,
        null,
        24,
        1,
        null,
        2,
        null,
        2,
        null,
        null,
        24,
        24,
        24,
        null,
        null,
        null,
        1,
        1,
        0,
        null,
        7,
        null,
        null,
        null,
        1,
        2,
        7,
        null,
        7,
        null,
        null,
        null,
        1,
        2,
        7,
        null,
        7,
        null,
        null,
        null,
        null,
        null,
        1,
        5,
        5,
        5,
        5,
        5,
        null,
        null,
        null,
        1,
        0,
        0,
        null,
        0,
        0,
        0,
        null,
        0,
        0,
        null,
        null,
        null,
        1,
        0,
        0,
        0,
        0,
        0,
        0,
        null,
        0,
        0,
        null,
        null,
        null,
        null,
        1,
        6,
        1,
        1,
        null,
        1,
        1,
        null,
        6,
        null,
        null,
        null,
        null,
        1,
        0,
        null,
        null,
        null,
        null,
        1,
        2,
        2,
        2,
        2,
        1,
        1,
        1,
        1,
        null,
        1,
        1,
        null,
        null,
        null,
        null,
        null,
        null,
        null,
        null,
        null,
        null,
        null,
        null,
        null,
        null,
        null,
        null,
        null,
        null,
        null,
        null,
        null,
        null,
        null,
        null,
        null,
        null,
        null,
        null,
        null,
        null,
        null,
        null,
        null,
        null
      ],
      "/home/saasbook/CS169-AMASS/app/models/project.rb": [
        1,
        1,
        1,
        null,
        1,
        1,
        1,
        null
      ],
      "/home/saasbook/CS169-AMASS/app/controllers/users/registrations_controller.rb": [
        1,
        1,
        null,
        1,
        2,
        1,
        1,
        null,
        1,
        1,
        null,
        2,
        null,
        null
      ],
      "/home/saasbook/CS169-AMASS/app/controllers/welcome_controller.rb": [
        1,
        1,
        null,
        null
      ]
    },
    "timestamp": 1385341984
  },
  "RSpec": {
    "coverage": {
      "/home/akhoa/CS169-AMASS/app/models/user.rb": [
        1,
        null,
        null,
        1,
        null,
        null,
        null,
        null,
        1,
        null,
        null,
        1,
        1,
        null,
        1,
        null,
        1,
        22,
        null,
        null,
        1,
        16,
        null,
        null
      ],
      "/home/akhoa/CS169-AMASS/app/controllers/application_controller.rb": [
        1,
        1,
        null
      ],
      "/home/akhoa/CS169-AMASS/app/helpers/application_helper.rb": [
        1,
        null
      ],
      "/home/akhoa/CS169-AMASS/app/helpers/projects_helper.rb": [
        1,
        1,
        0,
        null,
        null,
        null,
        null
      ],
      "/home/akhoa/CS169-AMASS/app/helpers/welcome_helper.rb": [
        1,
        null
      ],
      "/home/akhoa/CS169-AMASS/app/controllers/filmmakers_controller.rb": [
        1,
        1,
        0,
        null,
        null,
        1,
        0,
        null,
        null,
        1,
        0,
        0,
        0,
        0,
        null,
        null
      ],
      "/home/akhoa/CS169-AMASS/app/models/filmmaker.rb": [
        1,
        1,
        1,
        null
      ],
      "/home/akhoa/CS169-AMASS/app/controllers/nonprofits_controller.rb": [
        1,
        1,
        0,
        null,
        null,
        null,
        1,
        0,
        null,
        null,
        1,
        0,
        0,
        0,
        0,
        null,
        null
      ],
      "/home/akhoa/CS169-AMASS/app/models/nonprofit.rb": [
        1,
        1,
        null
      ],
      "/home/akhoa/CS169-AMASS/app/controllers/projects_controller.rb": [
        1,
        1,
        null,
        null,
        1,
        1,
        null,
        1,
        1,
        null,
        1,
        0,
        null,
        0,
        null,
        0,
        null,
        null,
        1,
        1,
        1,
        null,
        null,
        null,
        1,
        0,
        0,
        null,
        0,
        null,
        null,
        null,
        1,
        0,
        0,
        null,
        0,
        null,
        null,
        null,
        1,
        0,
        0,
        null,
        0,
        null,
        null,
        null,
        null,
        null,
        1,
        1,
        1,
        1,
        1,
        1,
        null,
        null,
        null,
        null,
        null,
        null,
        null,
        null,
        null,
        null,
        null,
        null,
        null,
        null,
        null,
        null,
        null,
        null,
        null,
        null,
        null,
        null,
        null,
        null,
        null,
        null,
        null,
        null,
        null,
        null,
        null,
        null,
        null,
        null,
        null,
        null,
        null,
        null,
        null,
        null,
        null,
        null,
        null,
        null,
        null,
        null,
        null,
        null,
        null,
        null,
        null,
        null,
        null,
        null,
        null,
        null,
        null,
        null,
        null,
        null,
        null,
        null,
        null,
        null
      ],
      "/home/akhoa/CS169-AMASS/app/models/project.rb": [
        1,
        1,
        1,
        null
      ],
      "/home/akhoa/CS169-AMASS/app/controllers/users/registrations_controller.rb": [
        1,
        1,
        null,
        1,
        6,
        6,
        6,
        null,
        0,
        0,
        null,
        6,
        null,
        null
      ],
      "/home/akhoa/CS169-AMASS/app/controllers/welcome_controller.rb": [
        1,
        1,
        null,
        null
      ]
    },
    "timestamp": 1384153517
  }
}
